I1017 05:53:20.819956       1 server.go:114] Version: v1.8.1
I1017 05:53:20.822014       1 plugins.go:101] No cloud provider specified.
I1017 05:53:21.243873       1 feature_gate.go:156] feature gates: map[Initializers:true]
I1017 05:53:21.243902       1 initialization.go:84] enabled Initializers feature as part of admission plugin setup
W1017 05:53:21.244000       1 admission.go:66] PersistentVolumeLabel admission controller is deprecated. Please remove this controller from your configuration files and scripts.
W1017 05:53:21.310376       1 genericapiserver.go:317] Skipping API batch/v2alpha1 because it has no resources.
W1017 05:53:21.323271       1 genericapiserver.go:317] Skipping API rbac.authorization.k8s.io/v1alpha1 because it has no resources.
[restful] 2017/10/17 05:53:21 log.go:33: [restful/swagger] listing is available at https://192.168.1.230:6443/swaggerapi
[restful] 2017/10/17 05:53:21 log.go:33: [restful/swagger] https://192.168.1.230:6443/swaggerui/ is mapped to folder /swagger-ui/
[restful] 2017/10/17 05:53:22 log.go:33: [restful/swagger] listing is available at https://192.168.1.230:6443/swaggerapi
[restful] 2017/10/17 05:53:22 log.go:33: [restful/swagger] https://192.168.1.230:6443/swaggerui/ is mapped to folder /swagger-ui/
I1017 05:53:25.628493       1 serve.go:85] Serving securely on 0.0.0.0:6443
I1017 05:53:25.628595       1 available_controller.go:192] Starting AvailableConditionController
I1017 05:53:25.628628       1 cache.go:32] Waiting for caches to sync for AvailableConditionController controller
I1017 05:53:25.628882       1 apiservice_controller.go:112] Starting APIServiceRegistrationController
I1017 05:53:25.628896       1 cache.go:32] Waiting for caches to sync for APIServiceRegistrationController controller
I1017 05:53:25.630949       1 crd_finalizer.go:242] Starting CRDFinalizer
I1017 05:53:25.632121       1 controller.go:84] Starting OpenAPI AggregationController
I1017 05:53:25.632174       1 crdregistration_controller.go:112] Starting crd-autoregister controller
I1017 05:53:25.632181       1 controller_utils.go:1041] Waiting for caches to sync for crd-autoregister controller
I1017 05:53:25.633646       1 customresource_discovery_controller.go:152] Starting DiscoveryController
I1017 05:53:25.633676       1 naming_controller.go:277] Starting NamingConditionController
I1017 05:54:00.631920       1 trace.go:76] Trace[1357574276]: "Create /api/v1/namespaces" (started: 2017-10-17 05:53:26.630189112 +0000 UTC) (total time: 34.001686426s):
Trace[1357574276]: [4.001275041s] [4.001174723s] About to store object in database
Trace[1357574276]: [34.001686426s] [30.000411385s] END
E1017 05:54:00.634294       1 client_ca_hook.go:78] Timeout: request did not complete within allowed duration
E1017 05:54:25.670377       1 reflector.go:205] k8s.io/kubernetes/pkg/client/informers/informers_generated/internalversion/factory.go:73: Failed to list *rbac.ClusterRole: the server was unable to return a response in the time allotted, but may still be processing the request (get clusterroles.rbac.authorization.k8s.io)
E1017 05:54:25.671555       1 reflector.go:205] k8s.io/kubernetes/pkg/client/informers/informers_generated/internalversion/factory.go:73: Failed to list *api.ServiceAccount: the server was unable to return a response in the time allotted, but may still be processing the request (get serviceaccounts)
E1017 05:54:25.671631       1 reflector.go:205] k8s.io/kubernetes/pkg/client/informers/informers_generated/internalversion/factory.go:73: Failed to list *storage.StorageClass: the server was unable to return a response in the time allotted, but may still be processing the request (get storageclasses.storage.k8s.io)
E1017 05:54:25.671686       1 reflector.go:205] k8s.io/kubernetes/pkg/client/informers/informers_generated/internalversion/factory.go:73: Failed to list *api.Secret: the server was unable to return a response in the time allotted, but may still be processing the request (get secrets)
E1017 05:54:25.673139       1 reflector.go:205] k8s.io/kubernetes/pkg/client/informers/informers_generated/internalversion/factory.go:73: Failed to list *api.PersistentVolume: the server was unable to return a response in the time allotted, but may still be processing the request (get persistentvolumes)
E1017 05:54:25.674516       1 reflector.go:205] k8s.io/kubernetes/pkg/client/informers/informers_generated/internalversion/factory.go:73: Failed to list *rbac.ClusterRoleBinding: the server was unable to return a response in the time allotted, but may still be processing the request (get clusterrolebindings.rbac.authorization.k8s.io)
E1017 05:54:25.674587       1 reflector.go:205] k8s.io/kubernetes/vendor/k8s.io/client-go/informers/factory.go:73: Failed to list *v1.Service: the server was unable to return a response in the time allotted, but may still be processing the request (get services)
E1017 05:54:25.674641       1 reflector.go:205] k8s.io/kubernetes/vendor/k8s.io/client-go/informers/factory.go:73: Failed to list *v1.Endpoints: the server was unable to return a response in the time allotted, but may still be processing the request (get endpoints)
E1017 05:54:25.674687       1 reflector.go:205] k8s.io/kubernetes/pkg/client/informers/informers_generated/internalversion/factory.go:73: Failed to list *rbac.RoleBinding: the server was unable to return a response in the time allotted, but may still be processing the request (get rolebindings.rbac.authorization.k8s.io)
E1017 05:54:25.675248       1 reflector.go:205] k8s.io/kubernetes/vendor/k8s.io/client-go/informers/factory.go:73: Failed to list *v1.Namespace: the server was unable to return a response in the time allotted, but may still be processing the request (get namespaces)
E1017 05:54:25.675819       1 reflector.go:205] k8s.io/kubernetes/vendor/k8s.io/apiextensions-apiserver/pkg/client/informers/internalversion/factory.go:61: Failed to list *apiextensions.CustomResourceDefinition: the server was unable to return a response in the time allotted, but may still be processing the request (get customresourcedefinitions.apiextensions.k8s.io)
E1017 05:54:25.675884       1 reflector.go:205] k8s.io/kubernetes/pkg/client/informers/informers_generated/internalversion/factory.go:73: Failed to list *api.ResourceQuota: the server was unable to return a response in the time allotted, but may still be processing the request (get resourcequotas)
E1017 05:54:25.676369       1 reflector.go:205] k8s.io/kubernetes/pkg/client/informers/informers_generated/internalversion/factory.go:73: Failed to list *api.Pod: the server was unable to return a response in the time allotted, but may still be processing the request (get pods)
E1017 05:54:25.676888       1 reflector.go:205] k8s.io/kubernetes/pkg/client/informers/informers_generated/internalversion/factory.go:73: Failed to list *api.LimitRange: the server was unable to return a response in the time allotted, but may still be processing the request (get limitranges)
E1017 05:54:25.679768       1 reflector.go:205] k8s.io/kubernetes/pkg/client/informers/informers_generated/internalversion/factory.go:73: Failed to list *rbac.Role: the server was unable to return a response in the time allotted, but may still be processing the request (get roles.rbac.authorization.k8s.io)
E1017 05:54:25.684510       1 reflector.go:205] k8s.io/kubernetes/vendor/k8s.io/kube-aggregator/pkg/client/informers/internalversion/factory.go:61: Failed to list *apiregistration.APIService: the server was unable to return a response in the time allotted, but may still be processing the request (get apiservices.apiregistration.k8s.io)
E1017 05:54:26.637499       1 storage_rbac.go:172] unable to initialize clusterroles: the server was unable to return a response in the time allotted, but may still be processing the request (get clusterroles.rbac.authorization.k8s.io)
I1017 05:54:30.638557       1 trace.go:76] Trace[914193884]: "Create /api/v1/namespaces" (started: 2017-10-17 05:54:00.637880521 +0000 UTC) (total time: 30.000643964s):
Trace[914193884]: [30.000643964s] [30.000571251s] END
E1017 05:54:30.640474       1 client_ca_hook.go:78] Timeout: request did not complete within allowed duration
F1017 05:54:30.640551       1 hooks.go:133] PostStartHook "ca-registration" failed: unable to initialize client CA configmap: timed out waiting for the condition
